Using pre-set license
Built from '2020.3/staging' branch; Version is '2020.3.0f1 (c7b5465681fb) revision 13088070'; Using compiler version '192528614'; Build Type 'Release'
OS: 'Windows 10 Home; OS build 22000.434; Version 2009; 64bit' Language: 'en' Physical Memory: 16146 MB
BatchMode: 1, IsHumanControllingUs: 0, StartBugReporterOnCrash: 0, Is64bit: 1, IsPro: 0

 COMMAND LINE ARGUMENTS:
C:\Program Files\Unity\Hub\Editor\2020.3.0f1\Editor\Unity.exe
-adb2
-batchMode
-noUpm
-name
AssetImportWorker0
-projectPath
E:/Reversi
-logFile
Logs/AssetImportWorker0.log
-srvPort
59203
Successfully changed project path to: E:/Reversi
E:/Reversi
Using Asset Import Pipeline V2.
Refreshing native plugins compatible for Editor in 21.12 ms, found 0 plugins.
Preloading 0 native plugins for Editor in 0.00 ms.
Initialize engine version: 2020.3.0f1 (c7b5465681fb)
[Subsystems] Discovering subsystems at path C:/Program Files/Unity/Hub/Editor/2020.3.0f1/Editor/Data/Resources/UnitySubsystems
[Subsystems] Discovering subsystems at path E:/Reversi/Assets
GfxDevice: creating device client; threaded=0
Direct3D:
    Version:  Direct3D 11.0 [level 11.1]
    Renderer: NVIDIA GeForce RTX 2070 Super (ID=0x1e91)
    Vendor:   
    VRAM:     8012 MB
    Driver:   30.0.14.7135
Initialize mono
Mono path[0] = 'C:/Program Files/Unity/Hub/Editor/2020.3.0f1/Editor/Data/Managed'
Mono path[1] = 'C:/Program Files/Unity/Hub/Editor/2020.3.0f1/Editor/Data/MonoBleedingEdge/lib/mono/unityjit'
Mono config path = 'C:/Program Files/Unity/Hub/Editor/2020.3.0f1/Editor/Data/MonoBleedingEdge/etc'
Using monoOptions --debugger-agent=transport=dt_socket,embedding=1,server=y,suspend=n,address=127.0.0.1:56652
Begin MonoManager ReloadAssembly
Registering precompiled unity dll's ...
Register platform support module: C:/Program Files/Unity/Hub/Editor/2020.3.0f1/Editor/Data/PlaybackEngines/WindowsStandaloneSupport/UnityEditor.WindowsStandalone.Extensions.dll
Registered in 0.001226 seconds.
Native extension for WindowsStandalone target not found
Refreshing native plugins compatible for Editor in 19.56 ms, found 0 plugins.
Preloading 0 native plugins for Editor in 0.00 ms.
Invoked RoslynAnalysisRunner static constructor.
RoslynAnalysisRunner will not be running.
RoslynAnalysisRunner has terminated.
Mono: successfully reloaded assembly
- Completed reload, in  0.913 seconds
Platform modules already initialized, skipping
Registering precompiled user dll's ...
Registered in 0.000416 seconds.
Begin MonoManager ReloadAssembly
Native extension for WindowsStandalone target not found
Refreshing native plugins compatible for Editor in 0.38 ms, found 0 plugins.
Preloading 0 native plugins for Editor in 0.00 ms.
Invoked RoslynAnalysisRunner static constructor.
RoslynAnalysisRunner will not be running.
RoslynAnalysisRunner has terminated.
Mono: successfully reloaded assembly
- Completed reload, in  0.795 seconds
Platform modules already initialized, skipping
========================================================================
Worker process is ready to serve import requests
Launched and connected shader compiler UnityShaderCompiler.exe after 0.05 seconds
Refreshing native plugins compatible for Editor in 0.49 ms, found 0 plugins.
Preloading 0 native plugins for Editor in 0.00 ms.
Unloading 1113 Unused Serialized files (Serialized files now loaded: 0)
System memory in use before: 56.9 MB.
System memory in use after: 56.9 MB.

Unloading 10 unused Assets to reduce memory usage. Loaded Objects now: 1556.
Total: 4.189300 ms (FindLiveObjects: 0.621000 ms CreateObjectMapping: 0.516400 ms MarkObjects: 2.940300 ms  DeleteObjects: 0.109500 ms)

========================================================================
Received Import Request.
  path: Assets
  artifactKey: Guid(00000000000000001000000000000000) Importer(815301076,1909f56bfc062723c751e8b465ee728b)
Start importing Assets using Guid(00000000000000001000000000000000) Importer(815301076,1909f56bfc062723c751e8b465ee728b)  -> (artifact id: '42baae205c97e3337697759514652acd') in 0.013022 seconds
  Import took 0.015785 seconds .

========================================================================
Received Import Request.
  Time since last request: 29.247223 seconds.
  path: Assets/New Folder
  artifactKey: Guid(aec9bc15e25e4c44ab9c26d33181696d) Importer(815301076,1909f56bfc062723c751e8b465ee728b)
Start importing Assets/New Folder using Guid(aec9bc15e25e4c44ab9c26d33181696d) Importer(815301076,1909f56bfc062723c751e8b465ee728b)  -> (artifact id: '84d7f8817b44596f15999a660ed7a480') in 0.013208 seconds
  Import took 0.015887 seconds .

========================================================================
Received Import Request.
  Time since last request: 40.336642 seconds.
  path: Assets/image
  artifactKey: Guid(2bcb3fd2802815c4088369a82c20ae63) Importer(815301076,1909f56bfc062723c751e8b465ee728b)
Start importing Assets/image using Guid(2bcb3fd2802815c4088369a82c20ae63) Importer(815301076,1909f56bfc062723c751e8b465ee728b)  -> (artifact id: '4147b9be6bd267d4da46af975d401628') in 0.011289 seconds
  Import took 0.013394 seconds .

========================================================================
Received Import Request.
  Time since last request: 0.002987 seconds.
  path: Assets/image
  artifactKey: Guid(2bcb3fd2802815c4088369a82c20ae63) Importer(815301076,1909f56bfc062723c751e8b465ee728b)
Start importing Assets/image using Guid(2bcb3fd2802815c4088369a82c20ae63) Importer(815301076,1909f56bfc062723c751e8b465ee728b)  -> (artifact id: '4147b9be6bd267d4da46af975d401628') in 0.006194 seconds
  Import took 0.007829 seconds .

========================================================================
Received Import Request.
  Time since last request: 0.279684 seconds.
  path: Assets/image/black.png
  artifactKey: Guid(823ba807b17b72b49bff13c187a41730) Importer(815301076,1909f56bfc062723c751e8b465ee728b)
Start importing Assets/image/black.png using Guid(823ba807b17b72b49bff13c187a41730) Importer(815301076,1909f56bfc062723c751e8b465ee728b)  -> (artifact id: '11e5a030c8311fdcf7f117d2eef5acbb') in 0.099349 seconds
  Import took 0.101432 seconds .

========================================================================
Received Import Request.
  Time since last request: 0.000137 seconds.
  path: Assets/image/empty.png
  artifactKey: Guid(caecda7968081224e9640cf1ae770b2b) Importer(815301076,1909f56bfc062723c751e8b465ee728b)
Start importing Assets/image/empty.png using Guid(caecda7968081224e9640cf1ae770b2b) Importer(815301076,1909f56bfc062723c751e8b465ee728b)  -> (artifact id: '120b46254caa794dec095c7c4d2ed507') in 0.019819 seconds
  Import took 0.021443 seconds .

========================================================================
Received Import Request.
  Time since last request: 0.000145 seconds.
  path: Assets/image/white.png
  artifactKey: Guid(ea2b9db31b9fffd4fa9189ef506bb4ca) Importer(815301076,1909f56bfc062723c751e8b465ee728b)
Start importing Assets/image/white.png using Guid(ea2b9db31b9fffd4fa9189ef506bb4ca) Importer(815301076,1909f56bfc062723c751e8b465ee728b)  -> (artifact id: 'e5128b5a15d8204d83ba2fa0e20823cf') in 0.020024 seconds
  Import took 0.021816 seconds .

========================================================================
Received Import Request.
  Time since last request: 37.838491 seconds.
  path: Assets/image/black.png
  artifactKey: Guid(823ba807b17b72b49bff13c187a41730) Importer(815301076,1909f56bfc062723c751e8b465ee728b)
Start importing Assets/image/black.png using Guid(823ba807b17b72b49bff13c187a41730) Importer(815301076,1909f56bfc062723c751e8b465ee728b)  -> (artifact id: '34892e3279cc9cf06038638b6c0ca360') in 0.071523 seconds
  Import took 0.073829 seconds .

========================================================================
Received Import Request.
  Time since last request: 8.218110 seconds.
  path: Assets/image/empty.png
  artifactKey: Guid(caecda7968081224e9640cf1ae770b2b) Importer(815301076,1909f56bfc062723c751e8b465ee728b)
Start importing Assets/image/empty.png using Guid(caecda7968081224e9640cf1ae770b2b) Importer(815301076,1909f56bfc062723c751e8b465ee728b)  -> (artifact id: '80f70797824f4e31e28de264cc3470b2') in 0.016386 seconds
  Import took 0.019207 seconds .

========================================================================
Received Import Request.
  Time since last request: 4.369310 seconds.
  path: Assets/image/white.png
  artifactKey: Guid(ea2b9db31b9fffd4fa9189ef506bb4ca) Importer(815301076,1909f56bfc062723c751e8b465ee728b)
Start importing Assets/image/white.png using Guid(ea2b9db31b9fffd4fa9189ef506bb4ca) Importer(815301076,1909f56bfc062723c751e8b465ee728b)  -> (artifact id: 'abb89ffad0a14d519c91bf27ebb751cc') in 0.018676 seconds
  Import took 0.020627 seconds .

========================================================================
Received Import Request.
  Time since last request: 179.716204 seconds.
  path: Assets/prehab
  artifactKey: Guid(afed2a1ea14f307459f8622d470ea929) Importer(815301076,1909f56bfc062723c751e8b465ee728b)
Start importing Assets/prehab using Guid(afed2a1ea14f307459f8622d470ea929) Importer(815301076,1909f56bfc062723c751e8b465ee728b)  -> (artifact id: '3564fd820d080110974bc7140aca932c') in 0.009576 seconds
  Import took 0.011930 seconds .

========================================================================
Received Import Request.
  Time since last request: 7.690044 seconds.
  path: Assets/prehabs
  artifactKey: Guid(afed2a1ea14f307459f8622d470ea929) Importer(815301076,1909f56bfc062723c751e8b465ee728b)
Start importing Assets/prehabs using Guid(afed2a1ea14f307459f8622d470ea929) Importer(815301076,1909f56bfc062723c751e8b465ee728b)  -> (artifact id: 'a1a9d384dfb73dea7c36f820f5781191') in 0.011138 seconds
  Import took 0.013031 seconds .

========================================================================
Received Import Request.
  Time since last request: 58.591730 seconds.
  path: Assets/prehabs/Black.prefab
  artifactKey: Guid(c87e46da4b7d6784aa5e147e21b59cf0) Importer(815301076,1909f56bfc062723c751e8b465ee728b)
Start importing Assets/prehabs/Black.prefab using Guid(c87e46da4b7d6784aa5e147e21b59cf0) Importer(815301076,1909f56bfc062723c751e8b465ee728b)  -> (artifact id: 'df0e9a3ce0db9d62b3ecaa82c3eb2f1c') in 0.029871 seconds
  Import took 0.031980 seconds .

========================================================================
Received Import Request.
  Time since last request: 100.140396 seconds.
  path: Assets/prehabs/White.prefab
  artifactKey: Guid(99d8c8e2d5fcb4f4e922063a5edea5e6) Importer(815301076,1909f56bfc062723c751e8b465ee728b)
Start importing Assets/prehabs/White.prefab using Guid(99d8c8e2d5fcb4f4e922063a5edea5e6) Importer(815301076,1909f56bfc062723c751e8b465ee728b)  -> (artifact id: '11888bc8ce56cb27c40c21da007925c3') in 0.012684 seconds
  Import took 0.014446 seconds .

========================================================================
Received Import Request.
  Time since last request: 0.009206 seconds.
  path: Assets/prehabs/White.prefab
  artifactKey: Guid(99d8c8e2d5fcb4f4e922063a5edea5e6) Importer(815301076,1909f56bfc062723c751e8b465ee728b)
Start importing Assets/prehabs/White.prefab using Guid(99d8c8e2d5fcb4f4e922063a5edea5e6) Importer(815301076,1909f56bfc062723c751e8b465ee728b)  -> (artifact id: '11888bc8ce56cb27c40c21da007925c3') in 0.009483 seconds
  Import took 0.012166 seconds .

========================================================================
Received Import Request.
  Time since last request: 74.639917 seconds.
  path: Assets/prehabs/Empty.prefab
  artifactKey: Guid(68141e1ccbc2f294bace968b70a54719) Importer(815301076,1909f56bfc062723c751e8b465ee728b)
Start importing Assets/prehabs/Empty.prefab using Guid(68141e1ccbc2f294bace968b70a54719) Importer(815301076,1909f56bfc062723c751e8b465ee728b)  -> (artifact id: '132c99d24f601f032d587bd87eb446d6') in 0.019324 seconds
  Import took 0.022128 seconds .

========================================================================
Received Import Request.
  Time since last request: 0.004147 seconds.
  path: Assets/prehabs/Empty.prefab
  artifactKey: Guid(68141e1ccbc2f294bace968b70a54719) Importer(815301076,1909f56bfc062723c751e8b465ee728b)
Start importing Assets/prehabs/Empty.prefab using Guid(68141e1ccbc2f294bace968b70a54719) Importer(815301076,1909f56bfc062723c751e8b465ee728b)  -> (artifact id: '132c99d24f601f032d587bd87eb446d6') in 0.007406 seconds
  Import took 0.009248 seconds .

AssetImportWorkerClient::OnTransportError - code=2 error=End of file
